<testsuite name="TestAssetsMstest.One.ClassTwo" tests="6" failures="3" errors="0" skipped="2" time="0.002537200000000215" >
<testcase classname="TestAssetsMstest.One.ClassTwo" name="TestOneTwoFail" outcome="Failed" time="0.0004687"><failure>
MESSAGE:
Assertion failed. Expected values to be equal.

expected: 1
actual:   2

Assert.AreEqual(1, 2)
+++++++++++++++++++
STACK TRACE:
   at TestAssetsMstest.One.ClassTwo.TestOneTwoFail() in /home/runner/work/dotnet-test-split/dotnet-test-split/TestAssetsMstest/TestAssetsMstest.cs:line 41
   at System.Reflection.MethodBaseInvoker.InterpretedInvoke_Method(Object obj, IntPtr* args)
   at System.Reflection.MethodBaseInvoker.InvokeWithNoArgs(Object obj, BindingFlags invokeAttr)</failure></testcase>
<testcase classname="TestAssetsMstest.One.ClassTwo" name="TestOneTwoFailException" outcome="Failed" time="0.0002521"><failure>
MESSAGE:
Test method TestAssetsMstest.One.ClassTwo.TestOneTwoFailException threw exception:
System.Exception: This is an exception message
+++++++++++++++++++
STACK TRACE:
   at TestAssetsMstest.One.ClassTwo.TestOneTwoFailException() in /home/runner/work/dotnet-test-split/dotnet-test-split/TestAssetsMstest/TestAssetsMstest.cs:line 51
   at System.Reflection.MethodBaseInvoker.InterpretedInvoke_Method(Object obj, IntPtr* args)
   at System.Reflection.MethodBaseInvoker.InvokeWithNoArgs(Object obj, BindingFlags invokeAttr)
</failure></testcase>
<testcase classname="TestAssetsMstest.One.ClassTwo" name="TestOneTwoFailMessage" outcome="Failed" time="0.0002578"><failure>
MESSAGE:
Assertion failed. Expected values to be equal.
This is a failure message

expected: 1
actual:   2

Assert.AreEqual(1, 2)
+++++++++++++++++++
STACK TRACE:
   at TestAssetsMstest.One.ClassTwo.TestOneTwoFailMessage() in /home/runner/work/dotnet-test-split/dotnet-test-split/TestAssetsMstest/TestAssetsMstest.cs:line 46
   at System.Reflection.MethodBaseInvoker.InterpretedInvoke_Method(Object obj, IntPtr* args)
   at System.Reflection.MethodBaseInvoker.InvokeWithNoArgs(Object obj, BindingFlags invokeAttr)</failure></testcase>
<testcase classname="TestAssetsMstest.One.ClassTwo" name="TestOneOneIgnoredWithCause" outcome="NotExecuted" time="0.000021300000000223917"><skipped /></testcase>
<testcase classname="TestAssetsMstest.One.ClassTwo" name="TestOneOneIgnored" outcome="NotExecuted" time="0.001439799999999991"><skipped /></testcase>
<testcase classname="TestAssetsMstest.One.ClassTwo" name="TestOneTwoPass" outcome="Passed" time="0.0000975" />
</testsuite>